Unity Editor version:    2022.2.17f1 (54cb9bda89c4)
Branch:                  2022.2/staging
Build type:              Release
Batch mode:              YES
System name:             Linux
Distro version:          #25~22.04.1-Ubuntu SMP PREEMPT_DYNAMIC Tue Feb 20 16:09:15 UTC 2
Kernel version:          6.5.0-25-generic
Architecture:            x86_64
Available memory:        15670 MB
Using pre-set license
Pro License: YES
Desktop is 1920 x 1080 @ 60 Hz
Initialize udev device monitor.

COMMAND LINE ARGUMENTS:
Unity
-adb2
-batchMode
-noUpm
-name
AssetImportWorker0
-projectPath
/home/glenn/Unity/Projects/FMP Second Edition
-logFile
Logs/AssetImportWorker0.log
-srvPort
39949
Successfully changed project path to: /home/glenn/Unity/Projects/FMP Second Edition
/home/glenn/Unity/Projects/FMP Second Edition
[UnityMemory] Configuration Parameters - Can be set up in boot.config
    "memorysetup-bucket-allocator-granularity=16"
    "memorysetup-bucket-allocator-bucket-count=8"
    "memorysetup-bucket-allocator-block-size=33554432"
    "memorysetup-bucket-allocator-block-count=8"
    "memorysetup-main-allocator-block-size=16777216"
    "memorysetup-thread-allocator-block-size=16777216"
    "memorysetup-gfx-main-allocator-block-size=16777216"
    "memorysetup-gfx-thread-allocator-block-size=16777216"
    "memorysetup-cache-allocator-block-size=4194304"
    "memorysetup-typetree-allocator-block-size=2097152"
    "memorysetup-profiler-bucket-allocator-granularity=16"
    "memorysetup-profiler-bucket-allocator-bucket-count=8"
    "memorysetup-profiler-bucket-allocator-block-size=33554432"
    "memorysetup-profiler-bucket-allocator-block-count=8"
    "memorysetup-profiler-allocator-block-size=16777216"
    "memorysetup-profiler-editor-allocator-block-size=1048576"
    "memorysetup-temp-allocator-size-main=16777216"
    "memorysetup-job-temp-allocator-block-size=2097152"
    "memorysetup-job-temp-allocator-block-size-background=1048576"
    "memorysetup-job-temp-allocator-reduction-small-platforms=262144"
    "memorysetup-temp-allocator-size-background-worker=32768"
    "memorysetup-temp-allocator-size-job-worker=262144"
    "memorysetup-temp-allocator-size-preload-manager=33554432"
    "memorysetup-temp-allocator-size-nav-mesh-worker=65536"
    "memorysetup-temp-allocator-size-audio-worker=65536"
    "memorysetup-temp-allocator-size-cloud-worker=32768"
    "memorysetup-temp-allocator-size-gi-baking-worker=262144"
    "memorysetup-temp-allocator-size-gfx=262144"
Player connection [125752566301632] Host "[IP] 192.168.1.21 [Port] 0 [Flags] 2 [Guid] 1219649297 [EditorId] 1219649297 [Version] 1048832 [Id] LinuxEditor(16,192.168.1.21) [Debug] 1 [PackageName] LinuxEditor [ProjectName] Editor" joined multi-casting on [225.0.0.222:54997]...

Player connection [125752566301632] Host "[IP] 192.168.1.21 [Port] 0 [Flags] 2 [Guid] 1219649297 [EditorId] 1219649297 [Version] 1048832 [Id] LinuxEditor(16,192.168.1.21) [Debug] 1 [PackageName] LinuxEditor [ProjectName] Editor" joined alternative multi-casting on [225.0.0.222:34997]...

Refreshing native plugins compatible for Editor in 52.90 ms, found 4 plugins.
Preloading 0 native plugins for Editor in 0.00 ms.
Initialize engine version: 2022.2.17f1 (54cb9bda89c4)
[Subsystems] Discovering subsystems at path /home/glenn/Unity/Hub/Editor/2022.2.17f1/Editor/Data/Resources/UnitySubsystems
[Subsystems] Discovering subsystems at path /home/glenn/Unity/Projects/FMP Second Edition/Assets
GLX Extensions: GLX_ARB_context_flush_control GLX_ARB_create_context GLX_ARB_create_context_no_error GLX_ARB_create_context_profile GLX_ARB_create_context_robustness GLX_ARB_fbconfig_float GLX_ARB_framebuffer_sRGB GLX_ARB_get_proc_address GLX_ARB_multisample GLX_EXT_buffer_age GLX_EXT_create_context_es2_profile GLX_EXT_create_context_es_profile GLX_EXT_fbconfig_packed_float GLX_EXT_framebuffer_sRGB GLX_EXT_no_config_context GLX_EXT_swap_control GLX_EXT_swap_control_tear GLX_EXT_texture_from_pixmap GLX_EXT_visual_info GLX_EXT_visual_rating GLX_MESA_copy_sub_buffer GLX_MESA_query_renderer GLX_MESA_swap_control GLX_OML_swap_method GLX_OML_sync_control GLX_SGIS_multisample GLX_SGIX_fbconfig GLX_SGIX_pbuffer GLX_SGIX_visual_select_group GLX_SGI_make_current_read GLX_SGI_video_sync 
Renderer: Mesa Intel(R) UHD Graphics 620 (WHL GT2)
Vendor:   Intel
Version:  4.6 (Core Profile) Mesa 23.2.1-1ubuntu3.1~22.04.2
GLES:     0
 GL_3DFX_texture_compression_FXT1 GL_AMD_conservative_depth GL_AMD_depth_clamp_separate GL_AMD_draw_buffers_blend GL_AMD_gpu_shader_int64 GL_AMD_multi_draw_indirect GL_AMD_performance_monitor GL_AMD_pinned_memory GL_AMD_query_buffer_object GL_AMD_seamless_cubemap_per_texture GL_AMD_shader_stencil_export GL_AMD_shader_trinary_minmax GL_AMD_texture_texture4 GL_AMD_vertex_shader_layer GL_AMD_vertex_shader_viewport_index GL_ANGLE_texture_compression_dxt3 GL_ANGLE_texture_compression_dxt5 GL_ARB_ES2_compatibility GL_ARB_ES3_1_compatibility GL_ARB_ES3_2_compatibility GL_ARB_ES3_compatibility GL_ARB_arrays_of_arrays GL_ARB_base_instance GL_ARB_blend_func_extended GL_ARB_buffer_storage GL_ARB_clear_buffer_object GL_ARB_clear_texture GL_ARB_clip_control GL_ARB_compressed_texture_pixel_storage GL_ARB_compute_shader GL_ARB_compute_variable_group_size GL_ARB_conditional_render_inverted GL_ARB_conservative_depth GL_ARB_copy_buffer GL_ARB_copy_image GL_ARB_cull_distance GL_ARB_debug_output GL_ARB_depth_buffer_float GL_ARB
_depth_clamp GL_ARB_derivative_control GL_ARB_direct_state_access GL_ARB_draw_buffers GL_ARB_draw_buffers_blend GL_ARB_draw_elements_base_vertex GL_ARB_draw_indirect GL_ARB_draw_instanced GL_ARB_enhanced_layouts GL_ARB_explicit_attrib_location GL_ARB_explicit_uniform_location GL_ARB_fragment_coord_conventions GL_ARB_fragment_layer_viewport GL_ARB_fragment_shader GL_ARB_fragment_shader_interlock GL_ARB_framebuffer_no_attachments GL_ARB_framebuffer_object GL_ARB_framebuffer_sRGB GL_ARB_get_program_binary GL_ARB_get_texture_sub_image GL_ARB_gl_spirv GL_ARB_gpu_shader5 GL_ARB_gpu_shader_fp64 GL_ARB_gpu_shader_int64 GL_ARB_half_float_pixel GL_ARB_half_float_vertex GL_ARB_indirect_parameters GL_ARB_instanced_arrays GL_ARB_internalformat_query GL_ARB_internalformat_query2 GL_ARB_invalidate_subdata GL_ARB_map_buffer_alignment GL_ARB_map_buffer_range GL_ARB_multi_bind GL_ARB_multi_draw_indirect GL_ARB_occlusion_query2 GL_ARB_parallel_shader_compile GL_ARB_pipeline_statistics_query GL_ARB_pixel_buffer_object GL_ARB_po
int_sprite GL_ARB_polygon_offset_clamp GL_ARB_post_depth_coverage GL_ARB_program_interface_query GL_ARB_provoking_vertex GL_ARB_query_buffer_object GL_ARB_robust_buffer_access_behavior GL_ARB_robustness GL_ARB_sample_shading GL_ARB_sampler_objects GL_ARB_seamless_cube_map GL_ARB_seamless_cubemap_per_texture GL_ARB_separate_shader_objects GL_ARB_shader_atomic_counter_ops GL_ARB_shader_atomic_counters GL_ARB_shader_ballot GL_ARB_shader_bit_encoding GL_ARB_shader_clock GL_ARB_shader_draw_parameters GL_ARB_shader_group_vote GL_ARB_shader_image_load_store GL_ARB_shader_image_size GL_ARB_shader_objects GL_ARB_shader_precision GL_ARB_shader_stencil_export GL_ARB_shader_storage_buffer_object GL_ARB_shader_subroutine GL_ARB_shader_texture_image_samples GL_ARB_shader_texture_lod GL_ARB_shader_viewport_layer_array GL_ARB_shading_language_420pack GL_ARB_shading_language_include GL_ARB_shading_language_packing GL_ARB_spirv_extensions GL_ARB_stencil_texturing GL_ARB_sync GL_ARB_tessellation_shader GL_ARB_texture_barrier G
L_ARB_texture_buffer_object GL_ARB_texture_buffer_object_rgb32 GL_ARB_texture_buffer_range GL_ARB_texture_compression_bptc GL_ARB_texture_compression_rgtc GL_ARB_texture_cube_map_array GL_ARB_texture_filter_anisotropic GL_ARB_texture_float GL_ARB_texture_gather GL_ARB_texture_mirror_clamp_to_edge GL_ARB_texture_multisample GL_ARB_texture_non_power_of_two GL_ARB_texture_query_levels GL_ARB_texture_query_lod GL_ARB_texture_rectangle GL_ARB_texture_rg GL_ARB_texture_rgb10_a2ui GL_ARB_texture_stencil8 GL_ARB_texture_storage GL_ARB_texture_storage_multisample GL_ARB_texture_swizzle GL_ARB_texture_view GL_ARB_timer_query GL_ARB_transform_feedback2 GL_ARB_transform_feedback3 GL_ARB_transform_feedback_instanced GL_ARB_transform_feedback_overflow_query GL_ARB_uniform_buffer_object GL_ARB_vertex_array_bgra GL_ARB_vertex_array_object GL_ARB_vertex_attrib_64bit GL_ARB_vertex_attrib_binding GL_ARB_vertex_buffer_object GL_ARB_vertex_shader GL_ARB_vertex_type_10f_11f_11f_rev GL_ARB_vertex_type_2_10_10_10_rev GL_ARB_viewpor
t_array GL_ATI_blend_equation_separate GL_ATI_texture_float GL_EXT_EGL_image_storage GL_EXT_EGL_sync GL_EXT_abgr GL_EXT_blend_equation_separate GL_EXT_debug_label GL_EXT_demote_to_helper_invocation GL_EXT_draw_buffers2 GL_EXT_draw_instanced GL_EXT_framebuffer_blit GL_EXT_framebuffer_multisample GL_EXT_framebuffer_multisample_blit_scaled GL_EXT_framebuffer_object GL_EXT_framebuffer_sRGB GL_EXT_memory_object GL_EXT_memory_object_fd GL_EXT_packed_depth_stencil GL_EXT_packed_float GL_EXT_pixel_buffer_object GL_EXT_polygon_offset_clamp GL_EXT_provoking_vertex GL_EXT_semaphore GL_EXT_semaphore_fd GL_EXT_shader_framebuffer_fetch GL_EXT_shader_framebuffer_fetch_non_coherent GL_EXT_shader_integer_mix GL_EXT_shader_samples_identical GL_EXT_texture_array GL_EXT_texture_compression_dxt1 GL_EXT_texture_compression_rgtc GL_EXT_texture_compression_s3tc GL_EXT_texture_filter_anisotropic GL_EXT_texture_integer GL_EXT_texture_sRGB GL_EXT_texture_sRGB_R8 GL_EXT_texture_sRGB_decode GL_EXT_texture_shadow_lod GL_EXT_texture_share
d_exponent GL_EXT_texture_snorm GL_EXT_texture_swizzle GL_EXT_timer_query GL_EXT_transform_feedback GL_EXT_vertex_array_bgra GL_EXT_vertex_attrib_64bit GL_IBM_multimode_draw_arrays GL_INTEL_blackhole_render GL_INTEL_conservative_rasterization GL_INTEL_performance_query GL_INTEL_shader_atomic_float_minmax GL_INTEL_shader_integer_functions2 GL_KHR_blend_equation_advanced GL_KHR_blend_equation_advanced_coherent GL_KHR_context_flush_control GL_KHR_debug GL_KHR_no_error GL_KHR_parallel_shader_compile GL_KHR_robust_buffer_access_behavior GL_KHR_robustness GL_KHR_texture_compression_astc_ldr GL_KHR_texture_compression_astc_sliced_3d GL_MESA_framebuffer_flip_y GL_MESA_pack_invert GL_MESA_shader_integer_functions GL_MESA_texture_signed_rgba GL_NV_alpha_to_coverage_dither_control GL_NV_compute_shader_derivatives GL_NV_conditional_render GL_NV_copy_image GL_NV_depth_clamp GL_NV_fragment_shader_interlock GL_NV_packed_depth_stencil GL_NV_texture_barrier GL_OES_EGL_image GL_S3_s3tc
OPENGL LOG: Creating OpenGL 4.6 graphics device ; Context level  <OpenGL 4.5> ; Context handle 1055572992
Initialize mono
Mono path[0] = '/home/glenn/Unity/Hub/Editor/2022.2.17f1/Editor/Data/Managed'
Mono path[1] = '/home/glenn/Unity/Hub/Editor/2022.2.17f1/Editor/Data/MonoBleedingEdge/lib/mono/unityjit-linux'
Mono config path = '/home/glenn/Unity/Hub/Editor/2022.2.17f1/Editor/Data/MonoBleedingEdge/etc'
Using monoOptions --debugger-agent=transport=dt_socket,embedding=1,server=y,suspend=n,address=127.0.0.1:56829
Begin MonoManager ReloadAssembly
Registering precompiled unity dll's ...
Register platform support module: /home/glenn/Unity/Hub/Editor/2022.2.17f1/Editor/Data/PlaybackEngines/WindowsStandaloneSupport/UnityEditor.WindowsStandalone.Extensions.dll
Register platform support module: /home/glenn/Unity/Hub/Editor/2022.2.17f1/Editor/Data/PlaybackEngines/LinuxStandaloneSupport/UnityEditor.LinuxStandalone.Extensions.dll
Registered in 0.048991 seconds.
- Loaded All Assemblies, in  0.379 seconds
Native extension for LinuxStandalone target not found
Native extension for WindowsStandalone target not found
Mono: successfully reloaded assembly
- Finished resetting the current domain, in  0.359 seconds
Domain Reload Profiling:
	ReloadAssembly (231ms)
		BeginReloadAssembly (70ms)
			ExecutionOrderSort (0ms)
			DisableScriptedObjects (0ms)
			BackupInstance (0ms)
			ReleaseScriptingObjects (0ms)
			CreateAndSetChildDomain (1ms)
		LoadAllAssembliesAndSetupDomain (0ms)
			LoadAssemblies (69ms)
			RebuildTransferFunctionScriptingTraits (0ms)
			SetupTypeCache (142ms)
				TypeCache.Initialize (141ms)
					TypeCache.ScanAssembly (139ms)
				ResolveRequiredComponents (0ms)
		FinalizeReload (0ms)
			ReleaseScriptCaches (0ms)
			RebuildScriptCaches (0ms)
			SetupLoadedEditorAssemblies (286ms)
				LogAssemblyErrors (0ms)
				InitializePlatformSupportModulesInManaged (42ms)
				SetLoadedEditorAssemblies (8ms)
				RefreshPlugins (0ms)
				BeforeProcessingInitializeOnLoad (2ms)
				ProcessInitializeOnLoadAttributes (141ms)
				ProcessInitializeOnLoadMethodAttributes (93ms)
				AfterProcessingInitializeOnLoad (0ms)
				EditorAssembliesLoaded (0ms)
			ExecutionOrderSort2 (0ms)
			AwakeInstancesAfterBackupRestoration (0ms)
========================================================================
Worker process is ready to serve import requests
Begin MonoManager ReloadAssembly
Symbol file LoadedFromMemory doesn't match image /home/glenn/Unity/Projects/FMP Second Edition/Library/PackageCache/com.unity.visualscripting@1.8.0/Editor/VisualScripting.Core/Dependencies/YamlDotNet/Unity.VisualScripting.YamlDotNet.dll
Symbol file LoadedFromMemory doesn't match image /home/glenn/Unity/Projects/FMP Second Edition/Library/PackageCache/com.unity.visualscripting@1.8.0/Editor/VisualScripting.Core/Dependencies/DotNetZip/Unity.VisualScripting.IonicZip.dll
- Loaded All Assemblies, in  0.932 seconds
Refreshing native plugins compatible for Editor in 7.69 ms, found 4 plugins.
Native extension for LinuxStandalone target not found
Native extension for WindowsStandalone target not found
Mono: successfully reloaded assembly
Fallback handler could not load library /home/glenn/Unity/Hub/Editor/2022.2.17f1/Editor/Data/MonoBleedingEdge/lib/libdl
Fallback handler could not load library /home/glenn/Unity/Hub/Editor/2022.2.17f1/Editor/Data/MonoBleedingEdge/lib/libdl.so
Fallback handler could not load library /home/glenn/Unity/Hub/Editor/2022.2.17f1/Editor/Data/MonoBleedingEdge/lib/libdl.so
Fallback handler could not load library /home/glenn/Unity/Hub/Editor/2022.2.17f1/Editor/Data/MonoBleedingEdge/lib/libdl
Fallback handler could not load library /home/glenn/Unity/Hub/Editor/2022.2.17f1/Editor/Data/MonoBleedingEdge/lib/libdl
Fallback handler could not load library /home/glenn/Unity/Hub/Editor/2022.2.17f1/Editor/Data/MonoBleedingEdge/lib/libdl.so
Fallback handler could not load library /home/glenn/Unity/Hub/Editor/2022.2.17f1/Editor/Data/MonoBleedingEdge/lib/libdl.so
Fallback handler could not load library /home/glenn/Unity/Hub/Editor/2022.2.17f1/Editor/Data/MonoBleedingEdge/lib/libdl
DllNotFoundException: libdl assembly:<unknown assembly> type:<unknown type> member:(null)
  at (wrapper managed-to-native) Substance.Platform.NativeFunctions+DLLHelpers.dlopen(string,int)
  at Substance.Platform.NativeFunctions+DLLHelpers.LoadDLL (System.String dataPath) [0x00089] in /home/glenn/Unity/Projects/FMP Second Edition/Assets/Allegorithmic/Plugins/Substance.Platform/NativeFunctions.cs:204 
  at Substance.Platform.NativeFunctions.cppInitSubstance (System.String applicationDataPath, System.Int32 pTextureClampExposant) [0x0000b] in /home/glenn/Unity/Projects/FMP Second Edition/Assets/Allegorithmic/Plugins/Substance.Platform/NativeFunctions.cs:299 
  at Substance.Game.NativeCallbacks.InitSubstance (System.Int32 pTextureClamp) [0x0006f] in <8088e596cdc64f389f7f79f32b7b19f0>:0 
  at Substance.Editor.SubstanceMain.Initialize () [0x001fa] in <c02c644420904d8cb7f0dbe27269d0c2>:0 
  at Substance.Editor.SubstanceMain.Get () [0x00037] in <c02c644420904d8cb7f0dbe27269d0c2>:0 
  at Substance.Editor.EntryPoint.PingSingleton () [0x00011] in <c02c644420904d8cb7f0dbe27269d0c2>:0 
  at Substance.Editor.EntryPoint.AfterAssemblyReload () [0x00000] in <c02c644420904d8cb7f0dbe27269d0c2>:0 
  at UnityEditor.AssemblyReloadEvents.OnAfterAssemblyReload () [0x00017] in /home/bokken/build/output/unity/unity/Editor/Mono/AssemblyReloadEvents.cs:34 

(Filename: Assets/Allegorithmic/Plugins/Substance.Platform/NativeFunctions.cs Line: 204)

- Finished resetting the current domain, in  0.677 seconds
Domain Reload Profiling:
	ReloadAssembly (224ms)
		BeginReloadAssembly (127ms)
			ExecutionOrderSort (0ms)
			DisableScriptedObjects (5ms)
			BackupInstance (0ms)
			ReleaseScriptingObjects (0ms)
			CreateAndSetChildDomain (27ms)
		LoadAllAssembliesAndSetupDomain (705ms)
			LoadAssemblies (397ms)
			RebuildTransferFunctionScriptingTraits (0ms)
			SetupTypeCache (361ms)
				TypeCache.Initialize (333ms)
					TypeCache.ScanAssembly (329ms)
				ResolveRequiredComponents (6ms)
		FinalizeReload (0ms)
			ReleaseScriptCaches (0ms)
			RebuildScriptCaches (0ms)
			SetupLoadedEditorAssemblies (499ms)
				LogAssemblyErrors (0ms)
				InitializePlatformSupportModulesInManaged (67ms)
				SetLoadedEditorAssemblies (12ms)
				RefreshPlugins (0ms)
				BeforeProcessingInitializeOnLoad (70ms)
				ProcessInitializeOnLoadAttributes (324ms)
				ProcessInitializeOnLoadMethodAttributes (21ms)
				AfterProcessingInitializeOnLoad (5ms)
				EditorAssembliesLoaded (0ms)
			ExecutionOrderSort2 (0ms)
			AwakeInstancesAfterBackupRestoration (4ms)
Launched and connected shader compiler UnityShaderCompiler after 0.01 seconds
Refreshing native plugins compatible for Editor in 7.94 ms, found 4 plugins.
Preloading 0 native plugins for Editor in 0.00 ms.
Unloading 4701 Unused Serialized files (Serialized files now loaded: 0)
Unloading 108 unused Assets / (1.5 MB). Loaded Objects now: 5220.
Memory consumption went from 163.2 MB to 161.7 MB.
Total: 5.690755 ms (FindLiveObjects: 0.391934 ms CreateObjectMapping: 0.491507 ms MarkObjects: 4.150003 ms  DeleteObjects: 0.655859 ms)

AssetImportParameters requested are different than current active one (requested -> active):
  custom:container-demuxer-ogg: 62fdf1f143b41e24485cea50d1cbac27 -> 
  custom:video-decoder-ogg-theora: a1e56fd34408186e4bbccfd4996cb3dc -> 
  custom:container-demuxer-webm: 4f35f7cbe854078d1ac9338744f61a02 -> 
  custom:container-muxer-webm: aa71ff27fc2769a1b78a27578f13a17b -> 
  custom:video-decoder-webm-vp8: 9c59270c3fd7afecdb556c50c9e8de78 -> 
  custom:AudioImporter_EditorPlatform: 2f0ff77a95e0ac474e3e8eeba4e2f7cb -> 
  custom:video-encoder-webm-vp8: eb34c28f22e8b96e1ab97ce403110664 -> 
  custom:audio-decoder-ogg-vorbis: bf7c407c2cedff20999df2af8eb42d56 -> 
  custom:audio-encoder-webm-vorbis: bf7c407c2cedff20999df2af8eb42d56 -> 
========================================================================
Received Import Request.
  Time since last request: 448442.729678 seconds.
  path: Assets/bloom-and-decay-poetri-main-version-25597-02-30.mp3
  artifactKey: Guid(4b0e41110a71fc241814b1a9bcff1f53) Importer(815301076,1909f56bfc062723c751e8b465ee728b)
Start importing Assets/bloom-and-decay-poetri-main-version-25597-02-30.mp3 using Guid(4b0e41110a71fc241814b1a9bcff1f53) Importer(815301076,1909f56bfc062723c751e8b465ee728b)  -> (artifact id: '1070b933fdff0b71fff5781bd031a968') in 0.083530 seconds
Number of updated asset objects reloaded before import = 0
Number of asset objects unloaded after import = 2
========================================================================
Received Import Request.
  Time since last request: 5.882252 seconds.
  path: Assets/Scripts/PlayerController.cs
  artifactKey: Guid(c05b4c39ac8c2b44f8e3f000f41e954b) Importer(815301076,1909f56bfc062723c751e8b465ee728b)
Start importing Assets/Scripts/PlayerController.cs using Guid(c05b4c39ac8c2b44f8e3f000f41e954b) Importer(815301076,1909f56bfc062723c751e8b465ee728b)  -> (artifact id: 'e861f0aa13c7caae18fd0d8a3f3eec97') in 0.000333 seconds
Number of updated asset objects reloaded before import = 0
Number of asset objects unloaded after import = 0
========================================================================
Received Prepare
Begin MonoManager ReloadAssembly
DllNotFoundException: libdl assembly:<unknown assembly> type:<unknown type> member:(null)
  at (wrapper managed-to-native) Substance.Platform.NativeFunctions+DLLHelpers.dlopen(string,int)
  at Substance.Platform.NativeFunctions+DLLHelpers.LoadDLL (System.String dataPath) [0x00089] in /home/glenn/Unity/Projects/FMP Second Edition/Assets/Allegorithmic/Plugins/Substance.Platform/NativeFunctions.cs:204 
  at Substance.Platform.NativeFunctions.cppInitSubstance (System.String applicationDataPath, System.Int32 pTextureClampExposant) [0x0000b] in /home/glenn/Unity/Projects/FMP Second Edition/Assets/Allegorithmic/Plugins/Substance.Platform/NativeFunctions.cs:299 
  at Substance.Game.NativeCallbacks.InitSubstance (System.Int32 pTextureClamp) [0x0006f] in <8088e596cdc64f389f7f79f32b7b19f0>:0 
  at Substance.Editor.SubstanceMain.Initialize () [0x001fa] in <c02c644420904d8cb7f0dbe27269d0c2>:0 
  at Substance.Editor.SubstanceMain.Get () [0x00037] in <c02c644420904d8cb7f0dbe27269d0c2>:0 
  at Substance.Editor.EntryPoint.BeforeAssemblyReload () [0x00007] in <c02c644420904d8cb7f0dbe27269d0c2>:0 
  at UnityEditor.AssemblyReloadEvents.OnBeforeAssemblyReload () [0x00017] in /home/bokken/build/output/unity/unity/Editor/Mono/AssemblyReloadEvents.cs:27 

(Filename: Assets/Allegorithmic/Plugins/Substance.Platform/NativeFunctions.cs Line: 204)

Symbol file LoadedFromMemory doesn't match image /home/glenn/Unity/Projects/FMP Second Edition/Library/PackageCache/com.unity.visualscripting@1.8.0/Editor/VisualScripting.Core/Dependencies/YamlDotNet/Unity.VisualScripting.YamlDotNet.dll
Symbol file LoadedFromMemory doesn't match image /home/glenn/Unity/Projects/FMP Second Edition/Library/PackageCache/com.unity.visualscripting@1.8.0/Editor/VisualScripting.Core/Dependencies/DotNetZip/Unity.VisualScripting.IonicZip.dll
- Loaded All Assemblies, in  0.736 seconds
Refreshing native plugins compatible for Editor in 7.65 ms, found 4 plugins.
Native extension for LinuxStandalone target not found
Native extension for WindowsStandalone target not found
Mono: successfully reloaded assembly
Fallback handler could not load library /home/glenn/Unity/Hub/Editor/2022.2.17f1/Editor/Data/MonoBleedingEdge/lib/libdl
Fallback handler could not load library /home/glenn/Unity/Hub/Editor/2022.2.17f1/Editor/Data/MonoBleedingEdge/lib/libdl.so
Fallback handler could not load library /home/glenn/Unity/Hub/Editor/2022.2.17f1/Editor/Data/MonoBleedingEdge/lib/libdl.so
Fallback handler could not load library /home/glenn/Unity/Hub/Editor/2022.2.17f1/Editor/Data/MonoBleedingEdge/lib/libdl
Fallback handler could not load library /home/glenn/Unity/Hub/Editor/2022.2.17f1/Editor/Data/MonoBleedingEdge/lib/libdl
Fallback handler could not load library /home/glenn/Unity/Hub/Editor/2022.2.17f1/Editor/Data/MonoBleedingEdge/lib/libdl.so
Fallback handler could not load library /home/glenn/Unity/Hub/Editor/2022.2.17f1/Editor/Data/MonoBleedingEdge/lib/libdl.so
Fallback handler could not load library /home/glenn/Unity/Hub/Editor/2022.2.17f1/Editor/Data/MonoBleedingEdge/lib/libdl
DllNotFoundException: libdl assembly:<unknown assembly> type:<unknown type> member:(null)
  at (wrapper managed-to-native) Substance.Platform.NativeFunctions+DLLHelpers.dlopen(string,int)
  at Substance.Platform.NativeFunctions+DLLHelpers.LoadDLL (System.String dataPath) [0x00089] in /home/glenn/Unity/Projects/FMP Second Edition/Assets/Allegorithmic/Plugins/Substance.Platform/NativeFunctions.cs:204 
  at Substance.Platform.NativeFunctions.cppInitSubstance (System.String applicationDataPath, System.Int32 pTextureClampExposant) [0x0000b] in /home/glenn/Unity/Projects/FMP Second Edition/Assets/Allegorithmic/Plugins/Substance.Platform/NativeFunctions.cs:299 
  at Substance.Game.NativeCallbacks.InitSubstance (System.Int32 pTextureClamp) [0x0006f] in <8088e596cdc64f389f7f79f32b7b19f0>:0 
  at Substance.Editor.SubstanceMain.Initialize () [0x001fa] in <c02c644420904d8cb7f0dbe27269d0c2>:0 
  at Substance.Editor.SubstanceMain.Get () [0x00037] in <c02c644420904d8cb7f0dbe27269d0c2>:0 
  at Substance.Editor.EntryPoint.PingSingleton () [0x00011] in <c02c644420904d8cb7f0dbe27269d0c2>:0 
  at Substance.Editor.EntryPoint.AfterAssemblyReload () [0x00000] in <c02c644420904d8cb7f0dbe27269d0c2>:0 
  at UnityEditor.AssemblyReloadEvents.OnAfterAssemblyReload () [0x00017] in /home/bokken/build/output/unity/unity/Editor/Mono/AssemblyReloadEvents.cs:34 

(Filename: Assets/Allegorithmic/Plugins/Substance.Platform/NativeFunctions.cs Line: 204)

- Finished resetting the current domain, in  0.814 seconds
Domain Reload Profiling:
	ReloadAssembly (211ms)
		BeginReloadAssembly (139ms)
			ExecutionOrderSort (0ms)
			DisableScriptedObjects (4ms)
			BackupInstance (0ms)
			ReleaseScriptingObjects (0ms)
			CreateAndSetChildDomain (42ms)
		LoadAllAssembliesAndSetupDomain (523ms)
			LoadAssemblies (287ms)
			RebuildTransferFunctionScriptingTraits (0ms)
			SetupTypeCache (280ms)
				TypeCache.Initialize (274ms)
					TypeCache.ScanAssembly (269ms)
				ResolveRequiredComponents (6ms)
		FinalizeReload (0ms)
			ReleaseScriptCaches (0ms)
			RebuildScriptCaches (0ms)
			SetupLoadedEditorAssemblies (464ms)
				LogAssemblyErrors (0ms)
				InitializePlatformSupportModulesInManaged (30ms)
				SetLoadedEditorAssemblies (5ms)
				RefreshPlugins (0ms)
				BeforeProcessingInitializeOnLoad (69ms)
				ProcessInitializeOnLoadAttributes (315ms)
				ProcessInitializeOnLoadMethodAttributes (34ms)
				AfterProcessingInitializeOnLoad (10ms)
				EditorAssembliesLoaded (0ms)
			ExecutionOrderSort2 (0ms)
			AwakeInstancesAfterBackupRestoration (7ms)
Refreshing native plugins compatible for Editor in 16.65 ms, found 4 plugins.
Preloading 0 native plugins for Editor in 0.00 ms.
Unloading 4650 Unused Serialized files (Serialized files now loaded: 0)
Unloading 87 unused Assets / (1.5 MB). Loaded Objects now: 5245.
Memory consumption went from 153.6 MB to 152.0 MB.
Total: 7.062408 ms (FindLiveObjects: 0.655074 ms CreateObjectMapping: 1.188284 ms MarkObjects: 4.592571 ms  DeleteObjects: 0.624387 ms)

Prepare: number of updated asset objects reloaded= 0
AssetImportParameters requested are different than current active one (requested -> active):
  custom:container-demuxer-ogg: 62fdf1f143b41e24485cea50d1cbac27 -> 
  custom:video-decoder-ogg-theora: a1e56fd34408186e4bbccfd4996cb3dc -> 
  custom:container-demuxer-webm: 4f35f7cbe854078d1ac9338744f61a02 -> 
  custom:container-muxer-webm: aa71ff27fc2769a1b78a27578f13a17b -> 
  custom:video-decoder-webm-vp8: 9c59270c3fd7afecdb556c50c9e8de78 -> 
  custom:AudioImporter_EditorPlatform: 2f0ff77a95e0ac474e3e8eeba4e2f7cb -> 
  custom:video-encoder-webm-vp8: eb34c28f22e8b96e1ab97ce403110664 -> 
  custom:audio-decoder-ogg-vorbis: bf7c407c2cedff20999df2af8eb42d56 -> 
  custom:audio-encoder-webm-vorbis: bf7c407c2cedff20999df2af8eb42d56 -> 
========================================================================
Received Prepare
Begin MonoManager ReloadAssembly
DllNotFoundException: libdl assembly:<unknown assembly> type:<unknown type> member:(null)
  at (wrapper managed-to-native) Substance.Platform.NativeFunctions+DLLHelpers.dlopen(string,int)
  at Substance.Platform.NativeFunctions+DLLHelpers.LoadDLL (System.String dataPath) [0x00089] in /home/glenn/Unity/Projects/FMP Second Edition/Assets/Allegorithmic/Plugins/Substance.Platform/NativeFunctions.cs:204 
  at Substance.Platform.NativeFunctions.cppInitSubstance (System.String applicationDataPath, System.Int32 pTextureClampExposant) [0x0000b] in /home/glenn/Unity/Projects/FMP Second Edition/Assets/Allegorithmic/Plugins/Substance.Platform/NativeFunctions.cs:299 
  at Substance.Game.NativeCallbacks.InitSubstance (System.Int32 pTextureClamp) [0x0006f] in <8088e596cdc64f389f7f79f32b7b19f0>:0 
  at Substance.Editor.SubstanceMain.Initialize () [0x001fa] in <c02c644420904d8cb7f0dbe27269d0c2>:0 
  at Substance.Editor.SubstanceMain.Get () [0x00037] in <c02c644420904d8cb7f0dbe27269d0c2>:0 
  at Substance.Editor.EntryPoint.BeforeAssemblyReload () [0x00007] in <c02c644420904d8cb7f0dbe27269d0c2>:0 
  at UnityEditor.AssemblyReloadEvents.OnBeforeAssemblyReload () [0x00017] in /home/bokken/build/output/unity/unity/Editor/Mono/AssemblyReloadEvents.cs:27 

(Filename: Assets/Allegorithmic/Plugins/Substance.Platform/NativeFunctions.cs Line: 204)

Symbol file LoadedFromMemory doesn't match image /home/glenn/Unity/Projects/FMP Second Edition/Library/PackageCache/com.unity.visualscripting@1.8.0/Editor/VisualScripting.Core/Dependencies/YamlDotNet/Unity.VisualScripting.YamlDotNet.dll
Symbol file LoadedFromMemory doesn't match image /home/glenn/Unity/Projects/FMP Second Edition/Library/PackageCache/com.unity.visualscripting@1.8.0/Editor/VisualScripting.Core/Dependencies/DotNetZip/Unity.VisualScripting.IonicZip.dll
- Loaded All Assemblies, in  0.645 seconds
Refreshing native plugins compatible for Editor in 7.51 ms, found 4 plugins.
Native extension for LinuxStandalone target not found
Native extension for WindowsStandalone target not found
Mono: successfully reloaded assembly
Fallback handler could not load library /home/glenn/Unity/Hub/Editor/2022.2.17f1/Editor/Data/MonoBleedingEdge/lib/libdl
Fallback handler could not load library /home/glenn/Unity/Hub/Editor/2022.2.17f1/Editor/Data/MonoBleedingEdge/lib/libdl.so
Fallback handler could not load library /home/glenn/Unity/Hub/Editor/2022.2.17f1/Editor/Data/MonoBleedingEdge/lib/libdl.so
Fallback handler could not load library /home/glenn/Unity/Hub/Editor/2022.2.17f1/Editor/Data/MonoBleedingEdge/lib/libdl
Fallback handler could not load library /home/glenn/Unity/Hub/Editor/2022.2.17f1/Editor/Data/MonoBleedingEdge/lib/libdl
Fallback handler could not load library /home/glenn/Unity/Hub/Editor/2022.2.17f1/Editor/Data/MonoBleedingEdge/lib/libdl.so
Fallback handler could not load library /home/glenn/Unity/Hub/Editor/2022.2.17f1/Editor/Data/MonoBleedingEdge/lib/libdl.so
Fallback handler could not load library /home/glenn/Unity/Hub/Editor/2022.2.17f1/Editor/Data/MonoBleedingEdge/lib/libdl
DllNotFoundException: libdl assembly:<unknown assembly> type:<unknown type> member:(null)
  at (wrapper managed-to-native) Substance.Platform.NativeFunctions+DLLHelpers.dlopen(string,int)
  at Substance.Platform.NativeFunctions+DLLHelpers.LoadDLL (System.String dataPath) [0x00089] in /home/glenn/Unity/Projects/FMP Second Edition/Assets/Allegorithmic/Plugins/Substance.Platform/NativeFunctions.cs:204 
  at Substance.Platform.NativeFunctions.cppInitSubstance (System.String applicationDataPath, System.Int32 pTextureClampExposant) [0x0000b] in /home/glenn/Unity/Projects/FMP Second Edition/Assets/Allegorithmic/Plugins/Substance.Platform/NativeFunctions.cs:299 
  at Substance.Game.NativeCallbacks.InitSubstance (System.Int32 pTextureClamp) [0x0006f] in <8088e596cdc64f389f7f79f32b7b19f0>:0 
  at Substance.Editor.SubstanceMain.Initialize () [0x001fa] in <c02c644420904d8cb7f0dbe27269d0c2>:0 
  at Substance.Editor.SubstanceMain.Get () [0x00037] in <c02c644420904d8cb7f0dbe27269d0c2>:0 
  at Substance.Editor.EntryPoint.PingSingleton () [0x00011] in <c02c644420904d8cb7f0dbe27269d0c2>:0 
  at Substance.Editor.EntryPoint.AfterAssemblyReload () [0x00000] in <c02c644420904d8cb7f0dbe27269d0c2>:0 
  at UnityEditor.AssemblyReloadEvents.OnAfterAssemblyReload () [0x00017] in /home/bokken/build/output/unity/unity/Editor/Mono/AssemblyReloadEvents.cs:34 

(Filename: Assets/Allegorithmic/Plugins/Substance.Platform/NativeFunctions.cs Line: 204)

- Finished resetting the current domain, in  0.686 seconds
Domain Reload Profiling:
	ReloadAssembly (188ms)
		BeginReloadAssembly (117ms)
			ExecutionOrderSort (0ms)
			DisableScriptedObjects (4ms)
			BackupInstance (0ms)
			ReleaseScriptingObjects (0ms)
			CreateAndSetChildDomain (36ms)
		LoadAllAssembliesAndSetupDomain (455ms)
			LoadAssemblies (221ms)
			RebuildTransferFunctionScriptingTraits (0ms)
			SetupTypeCache (276ms)
				TypeCache.Initialize (270ms)
					TypeCache.ScanAssembly (265ms)
				ResolveRequiredComponents (6ms)
		FinalizeReload (0ms)
			ReleaseScriptCaches (0ms)
			RebuildScriptCaches (0ms)
			SetupLoadedEditorAssemblies (394ms)
				LogAssemblyErrors (0ms)
				InitializePlatformSupportModulesInManaged (29ms)
				SetLoadedEditorAssemblies (4ms)
				RefreshPlugins (0ms)
				BeforeProcessingInitializeOnLoad (54ms)
				ProcessInitializeOnLoadAttributes (281ms)
				ProcessInitializeOnLoadMethodAttributes (19ms)
				AfterProcessingInitializeOnLoad (8ms)
				EditorAssembliesLoaded (0ms)
			ExecutionOrderSort2 (0ms)
			AwakeInstancesAfterBackupRestoration (4ms)
Refreshing native plugins compatible for Editor in 18.27 ms, found 4 plugins.
Preloading 0 native plugins for Editor in 0.00 ms.
Unloading 4651 Unused Serialized files (Serialized files now loaded: 0)
Unloading 87 unused Assets / (1.5 MB). Loaded Objects now: 5260.
Memory consumption went from 153.8 MB to 152.3 MB.
Total: 7.305463 ms (FindLiveObjects: 0.768757 ms CreateObjectMapping: 0.783996 ms MarkObjects: 5.031462 ms  DeleteObjects: 0.717080 ms)

Prepare: number of updated asset objects reloaded= 0
AssetImportParameters requested are different than current active one (requested -> active):
  custom:container-demuxer-ogg: 62fdf1f143b41e24485cea50d1cbac27 -> 
  custom:video-decoder-ogg-theora: a1e56fd34408186e4bbccfd4996cb3dc -> 
  custom:container-demuxer-webm: 4f35f7cbe854078d1ac9338744f61a02 -> 
  custom:container-muxer-webm: aa71ff27fc2769a1b78a27578f13a17b -> 
  custom:video-decoder-webm-vp8: 9c59270c3fd7afecdb556c50c9e8de78 -> 
  custom:AudioImporter_EditorPlatform: 2f0ff77a95e0ac474e3e8eeba4e2f7cb -> 
  custom:video-encoder-webm-vp8: eb34c28f22e8b96e1ab97ce403110664 -> 
  custom:audio-decoder-ogg-vorbis: bf7c407c2cedff20999df2af8eb42d56 -> 
  custom:audio-encoder-webm-vorbis: bf7c407c2cedff20999df2af8eb42d56 -> 
========================================================================
Received Import Request.
  Time since last request: 1550.423249 seconds.
  path: Assets/Audio
  artifactKey: Guid(e0987cd36d3fb6548ba6e562c576d412) Importer(815301076,1909f56bfc062723c751e8b465ee728b)
Start importing Assets/Audio using Guid(e0987cd36d3fb6548ba6e562c576d412) Importer(815301076,1909f56bfc062723c751e8b465ee728b)  -> (artifact id: '9b6f2f602b87351ef90d59f6ce2e6094') in 0.001401 seconds
Number of updated asset objects reloaded before import = 0
Number of asset objects unloaded after import = 0
========================================================================
Received Import Request.
  Time since last request: 0.096014 seconds.
  path: Assets/Audio/audiomass-output.mp3
  artifactKey: Guid(7595042ae8e24ce43b7fc2d1647785fc) Importer(815301076,1909f56bfc062723c751e8b465ee728b)
Start importing Assets/Audio/audiomass-output.mp3 using Guid(7595042ae8e24ce43b7fc2d1647785fc) Importer(815301076,1909f56bfc062723c751e8b465ee728b)  -> (artifact id: '94ec713bbaf2a5ac1c48f6f57fb45b35') in 0.071791 seconds
Number of updated asset objects reloaded before import = 0
Number of asset objects unloaded after import = 2
========================================================================
Received Import Request.
  Time since last request: 0.000010 seconds.
  path: Assets/Audio/Button 5 (1).wav
  artifactKey: Guid(5c851176e1f546a4b8f4e0a4b6b3c8fa) Importer(815301076,1909f56bfc062723c751e8b465ee728b)
Start importing Assets/Audio/Button 5 (1).wav using Guid(5c851176e1f546a4b8f4e0a4b6b3c8fa) Importer(815301076,1909f56bfc062723c751e8b465ee728b)  -> (artifact id: '578f76d448d7ae398a39ae6dcf519e7c') in 0.003687 seconds
Number of updated asset objects reloaded before import = 0
Number of asset objects unloaded after import = 2
========================================================================
Received Import Request.
  Time since last request: 0.000011 seconds.
  path: Assets/Audio/audiomass-output (1).wav
  artifactKey: Guid(50ac97f74ec082846b3113c1f6b20ef8) Importer(815301076,1909f56bfc062723c751e8b465ee728b)
Start importing Assets/Audio/audiomass-output (1).wav using Guid(50ac97f74ec082846b3113c1f6b20ef8) Importer(815301076,1909f56bfc062723c751e8b465ee728b)  -> (artifact id: '31afa943b59d5143c69aefa107ccee18') in 0.003355 seconds
Number of updated asset objects reloaded before import = 0
Number of asset objects unloaded after import = 2
========================================================================
Received Import Request.
  Time since last request: 0.000023 seconds.
  path: Assets/Audio/Fail 4.wav
  artifactKey: Guid(275e226353cd33d40bbc723d3819d10e) Importer(815301076,1909f56bfc062723c751e8b465ee728b)
Start importing Assets/Audio/Fail 4.wav using Guid(275e226353cd33d40bbc723d3819d10e) Importer(815301076,1909f56bfc062723c751e8b465ee728b)  -> (artifact id: 'd609aff4f430c8b8844d3b4547799413') in 0.003772 seconds
Number of updated asset objects reloaded before import = 0
Number of asset objects unloaded after import = 2
========================================================================
Received Import Request.
  Time since last request: 0.000078 seconds.
  path: Assets/Audio/sky-high-ak-main-version-03-30-1316.mp3
  artifactKey: Guid(a770069f2a9c0cc44861538aeb70f905) Importer(815301076,1909f56bfc062723c751e8b465ee728b)
Start importing Assets/Audio/sky-high-ak-main-version-03-30-1316.mp3 using Guid(a770069f2a9c0cc44861538aeb70f905) Importer(815301076,1909f56bfc062723c751e8b465ee728b)  -> (artifact id: 'ab048abd2fc608a21f497bbb18638f0a') in 0.004957 seconds
Number of updated asset objects reloaded before import = 0
Number of asset objects unloaded after import = 2
========================================================================
Received Import Request.
  Time since last request: 0.000011 seconds.
  path: Assets/Audio/Fail 2.wav
  artifactKey: Guid(19315408c192ccf4c876b45a31c8221d) Importer(815301076,1909f56bfc062723c751e8b465ee728b)
Start importing Assets/Audio/Fail 2.wav using Guid(19315408c192ccf4c876b45a31c8221d) Importer(815301076,1909f56bfc062723c751e8b465ee728b)  -> (artifact id: '21a55c291acedcafeee010303a368855') in 0.016127 seconds
Number of updated asset objects reloaded before import = 0
Number of asset objects unloaded after import = 2
========================================================================
Received Import Request.
  Time since last request: 0.000085 seconds.
  path: Assets/Audio/Slider1.wav
  artifactKey: Guid(22a8aeb9825be23469c94ae216d3944a) Importer(815301076,1909f56bfc062723c751e8b465ee728b)
Start importing Assets/Audio/Slider1.wav using Guid(22a8aeb9825be23469c94ae216d3944a) Importer(815301076,1909f56bfc062723c751e8b465ee728b)  -> (artifact id: 'd33ac5a0527448da9a24bda9c76c23c7') in 0.020970 seconds
Number of updated asset objects reloaded before import = 0
Number of asset objects unloaded after import = 2
========================================================================
Received Import Request.
  Time since last request: 0.000015 seconds.
  path: Assets/Audio/Fail 3.wav
  artifactKey: Guid(4b19b592218f76848b1ec08a48903b73) Importer(815301076,1909f56bfc062723c751e8b465ee728b)
Start importing Assets/Audio/Fail 3.wav using Guid(4b19b592218f76848b1ec08a48903b73) Importer(815301076,1909f56bfc062723c751e8b465ee728b)  -> (artifact id: '8c390ca403fb4dd514d59f69d67b7b14') in 0.008965 seconds
Number of updated asset objects reloaded before import = 0
Number of asset objects unloaded after import = 2
========================================================================
Received Import Request.
  Time since last request: 0.000078 seconds.
  path: Assets/Audio/Jump Pad.wav
  artifactKey: Guid(1723ee40119c0c149b87f40045d42bfe) Importer(815301076,1909f56bfc062723c751e8b465ee728b)
Start importing Assets/Audio/Jump Pad.wav using Guid(1723ee40119c0c149b87f40045d42bfe) Importer(815301076,1909f56bfc062723c751e8b465ee728b)  -> (artifact id: '5324f265395765687ad1d4d635282512') in 0.004007 seconds
Number of updated asset objects reloaded before import = 0
Number of asset objects unloaded after import = 2
========================================================================
Received Import Request.
  Time since last request: 0.000021 seconds.
  path: Assets/Audio/Win.wav
  artifactKey: Guid(b8603a8870697854aab650e304a1543d) Importer(815301076,1909f56bfc062723c751e8b465ee728b)
Start importing Assets/Audio/Win.wav using Guid(b8603a8870697854aab650e304a1543d) Importer(815301076,1909f56bfc062723c751e8b465ee728b)  -> (artifact id: '6c856dd28ae9d755473afe5471175d0f') in 0.004292 seconds
Number of updated asset objects reloaded before import = 0
Number of asset objects unloaded after import = 2
========================================================================
Received Import Request.
  Time since last request: 0.000015 seconds.
  path: Assets/Audio/audiomass-output (3).wav
  artifactKey: Guid(25608a9c1e696c446b984bb436f5b5da) Importer(815301076,1909f56bfc062723c751e8b465ee728b)
Start importing Assets/Audio/audiomass-output (3).wav using Guid(25608a9c1e696c446b984bb436f5b5da) Importer(815301076,1909f56bfc062723c751e8b465ee728b)  -> (artifact id: '0aeb52f2fb6c118a2a1b7a41bc151593') in 0.004537 seconds
Number of updated asset objects reloaded before import = 0
Number of asset objects unloaded after import = 2
========================================================================
Received Import Request.
  Time since last request: 0.000079 seconds.
  path: Assets/Audio/sky-high-ak-main-version-03-30-1316 1.mp3
  artifactKey: Guid(dff761586fa09904f9aa455c85e5f3a2) Importer(815301076,1909f56bfc062723c751e8b465ee728b)
Start importing Assets/Audio/sky-high-ak-main-version-03-30-1316 1.mp3 using Guid(dff761586fa09904f9aa455c85e5f3a2) Importer(815301076,1909f56bfc062723c751e8b465ee728b)  -> (artifact id: '5d4c48dad27a45c32817b8bee0d4990c') in 0.004305 seconds
Number of updated asset objects reloaded before import = 0
Number of asset objects unloaded after import = 2
========================================================================
Received Import Request.
  Time since last request: 0.000011 seconds.
  path: Assets/Audio/audiomass-output.wav
  artifactKey: Guid(2b9e6a4a4076c884a800eeae7290be39) Importer(815301076,1909f56bfc062723c751e8b465ee728b)
Start importing Assets/Audio/audiomass-output.wav using Guid(2b9e6a4a4076c884a800eeae7290be39) Importer(815301076,1909f56bfc062723c751e8b465ee728b)  -> (artifact id: 'da2ff6fe3b23b54ab6421e6efaa4b322') in 0.005794 seconds
Number of updated asset objects reloaded before import = 0
Number of asset objects unloaded after import = 2
========================================================================
Received Import Request.
  Time since last request: 0.000076 seconds.
  path: Assets/Audio/Button Noise 1.wav
  artifactKey: Guid(b805af16dc670e94ca75b00a24d8a524) Importer(815301076,1909f56bfc062723c751e8b465ee728b)
Start importing Assets/Audio/Button Noise 1.wav using Guid(b805af16dc670e94ca75b00a24d8a524) Importer(815301076,1909f56bfc062723c751e8b465ee728b)  -> (artifact id: '8afbe9e634df6f3c93dc9b0041851358') in 0.004988 seconds
Number of updated asset objects reloaded before import = 0
Number of asset objects unloaded after import = 2
========================================================================
Received Import Request.
  Time since last request: 0.000012 seconds.
  path: Assets/Audio/Button Noise 3.mp3
  artifactKey: Guid(fd916bb86de3fd0459588821f0d0caf0) Importer(815301076,1909f56bfc062723c751e8b465ee728b)
Start importing Assets/Audio/Button Noise 3.mp3 using Guid(fd916bb86de3fd0459588821f0d0caf0) Importer(815301076,1909f56bfc062723c751e8b465ee728b)  -> (artifact id: '2c1eab67143ccdd873c6308086fb7cc5') in 0.003908 seconds
Number of updated asset objects reloaded before import = 0
Number of asset objects unloaded after import = 2
========================================================================
Received Import Request.
  Time since last request: 0.000012 seconds.
  path: Assets/Audio/Jump Pad Finished.wav
  artifactKey: Guid(6e11803dae148a846a0de2843888534c) Importer(815301076,1909f56bfc062723c751e8b465ee728b)
Start importing Assets/Audio/Jump Pad Finished.wav using Guid(6e11803dae148a846a0de2843888534c) Importer(815301076,1909f56bfc062723c751e8b465ee728b)  -> (artifact id: 'd395f9e1356280bf461b55986a408c97') in 0.007493 seconds
Number of updated asset objects reloaded before import = 0
Number of asset objects unloaded after import = 2
========================================================================
Received Import Request.
  Time since last request: 0.000012 seconds.
  path: Assets/Audio/Jump Pad Finish.wav
  artifactKey: Guid(39f59dcfcbb3f824286185b63c093f82) Importer(815301076,1909f56bfc062723c751e8b465ee728b)
Start importing Assets/Audio/Jump Pad Finish.wav using Guid(39f59dcfcbb3f824286185b63c093f82) Importer(815301076,1909f56bfc062723c751e8b465ee728b)  -> (artifact id: '2abcb8a61a602da4f024cd7472ab6faf') in 0.004255 seconds
Number of updated asset objects reloaded before import = 0
Number of asset objects unloaded after import = 2
========================================================================
Received Import Request.
  Time since last request: 0.000012 seconds.
  path: Assets/Audio/Slider2.wav
  artifactKey: Guid(e0c607cd9a6f4d94fbad9a6a87836c10) Importer(815301076,1909f56bfc062723c751e8b465ee728b)
Start importing Assets/Audio/Slider2.wav using Guid(e0c607cd9a6f4d94fbad9a6a87836c10) Importer(815301076,1909f56bfc062723c751e8b465ee728b)  -> (artifact id: '0d5f9d66e54606ed5e47e6d05c43ac24') in 0.010450 seconds
Number of updated asset objects reloaded before import = 0
Number of asset objects unloaded after import = 2
========================================================================
Received Import Request.
  Time since last request: 0.000019 seconds.
  path: Assets/Audio/Jaunty Tune.wav
  artifactKey: Guid(333dbe7b14486c84093ea42bf85f9271) Importer(815301076,1909f56bfc062723c751e8b465ee728b)
Start importing Assets/Audio/Jaunty Tune.wav using Guid(333dbe7b14486c84093ea42bf85f9271) Importer(815301076,1909f56bfc062723c751e8b465ee728b)  -> (artifact id: '48bc54d116ee9efdbf0df78c039ab50b') in 0.004913 seconds
Number of updated asset objects reloaded before import = 0
Number of asset objects unloaded after import = 2
========================================================================
Received Import Request.
  Time since last request: 0.000014 seconds.
  path: Assets/Audio/Button 4 (1).wav
  artifactKey: Guid(6a4e600e89fe4674a81197e9bc3a648d) Importer(815301076,1909f56bfc062723c751e8b465ee728b)
Start importing Assets/Audio/Button 4 (1).wav using Guid(6a4e600e89fe4674a81197e9bc3a648d) Importer(815301076,1909f56bfc062723c751e8b465ee728b)  -> (artifact id: '593e53091f444d6ff98b6f93e4075284') in 0.008490 seconds
Number of updated asset objects reloaded before import = 0
Number of asset objects unloaded after import = 2
========================================================================
Received Import Request.
  Time since last request: 0.000032 seconds.
  path: Assets/Audio/audiomass-output (2).wav
  artifactKey: Guid(687e1dbd49c4dbc4bb3c62b74ae5b18f) Importer(815301076,1909f56bfc062723c751e8b465ee728b)
Start importing Assets/Audio/audiomass-output (2).wav using Guid(687e1dbd49c4dbc4bb3c62b74ae5b18f) Importer(815301076,1909f56bfc062723c751e8b465ee728b)  -> (artifact id: '07792e8b2a540b936d5deb101dffcc02') in 0.004470 seconds
Number of updated asset objects reloaded before import = 0
Number of asset objects unloaded after import = 2
========================================================================
Received Prepare
Begin MonoManager ReloadAssembly
DllNotFoundException: libdl assembly:<unknown assembly> type:<unknown type> member:(null)
  at (wrapper managed-to-native) Substance.Platform.NativeFunctions+DLLHelpers.dlopen(string,int)
  at Substance.Platform.NativeFunctions+DLLHelpers.LoadDLL (System.String dataPath) [0x00089] in /home/glenn/Unity/Projects/FMP Second Edition/Assets/Allegorithmic/Plugins/Substance.Platform/NativeFunctions.cs:204 
  at Substance.Platform.NativeFunctions.cppInitSubstance (System.String applicationDataPath, System.Int32 pTextureClampExposant) [0x0000b] in /home/glenn/Unity/Projects/FMP Second Edition/Assets/Allegorithmic/Plugins/Substance.Platform/NativeFunctions.cs:299 
  at Substance.Game.NativeCallbacks.InitSubstance (System.Int32 pTextureClamp) [0x0006f] in <8088e596cdc64f389f7f79f32b7b19f0>:0 
  at Substance.Editor.SubstanceMain.Initialize () [0x001fa] in <c02c644420904d8cb7f0dbe27269d0c2>:0 
  at Substance.Editor.SubstanceMain.Get () [0x00037] in <c02c644420904d8cb7f0dbe27269d0c2>:0 
  at Substance.Editor.EntryPoint.BeforeAssemblyReload () [0x00007] in <c02c644420904d8cb7f0dbe27269d0c2>:0 
  at UnityEditor.AssemblyReloadEvents.OnBeforeAssemblyReload () [0x00017] in /home/bokken/build/output/unity/unity/Editor/Mono/AssemblyReloadEvents.cs:27 

(Filename: Assets/Allegorithmic/Plugins/Substance.Platform/NativeFunctions.cs Line: 204)

Symbol file LoadedFromMemory doesn't match image /home/glenn/Unity/Projects/FMP Second Edition/Library/PackageCache/com.unity.visualscripting@1.8.0/Editor/VisualScripting.Core/Dependencies/YamlDotNet/Unity.VisualScripting.YamlDotNet.dll
Symbol file LoadedFromMemory doesn't match image /home/glenn/Unity/Projects/FMP Second Edition/Library/PackageCache/com.unity.visualscripting@1.8.0/Editor/VisualScripting.Core/Dependencies/DotNetZip/Unity.VisualScripting.IonicZip.dll
- Loaded All Assemblies, in  0.826 seconds
Refreshing native plugins compatible for Editor in 8.09 ms, found 4 plugins.
Native extension for LinuxStandalone target not found
Native extension for WindowsStandalone target not found
Mono: successfully reloaded assembly
Fallback handler could not load library /home/glenn/Unity/Hub/Editor/2022.2.17f1/Editor/Data/MonoBleedingEdge/lib/libdl
Fallback handler could not load library /home/glenn/Unity/Hub/Editor/2022.2.17f1/Editor/Data/MonoBleedingEdge/lib/libdl.so
Fallback handler could not load library /home/glenn/Unity/Hub/Editor/2022.2.17f1/Editor/Data/MonoBleedingEdge/lib/libdl.so
Fallback handler could not load library /home/glenn/Unity/Hub/Editor/2022.2.17f1/Editor/Data/MonoBleedingEdge/lib/libdl
Fallback handler could not load library /home/glenn/Unity/Hub/Editor/2022.2.17f1/Editor/Data/MonoBleedingEdge/lib/libdl
Fallback handler could not load library /home/glenn/Unity/Hub/Editor/2022.2.17f1/Editor/Data/MonoBleedingEdge/lib/libdl.so
Fallback handler could not load library /home/glenn/Unity/Hub/Editor/2022.2.17f1/Editor/Data/MonoBleedingEdge/lib/libdl.so
Fallback handler could not load library /home/glenn/Unity/Hub/Editor/2022.2.17f1/Editor/Data/MonoBleedingEdge/lib/libdl
DllNotFoundException: libdl assembly:<unknown assembly> type:<unknown type> member:(null)
  at (wrapper managed-to-native) Substance.Platform.NativeFunctions+DLLHelpers.dlopen(string,int)
  at Substance.Platform.NativeFunctions+DLLHelpers.LoadDLL (System.String dataPath) [0x00089] in /home/glenn/Unity/Projects/FMP Second Edition/Assets/Allegorithmic/Plugins/Substance.Platform/NativeFunctions.cs:204 
  at Substance.Platform.NativeFunctions.cppInitSubstance (System.String applicationDataPath, System.Int32 pTextureClampExposant) [0x0000b] in /home/glenn/Unity/Projects/FMP Second Edition/Assets/Allegorithmic/Plugins/Substance.Platform/NativeFunctions.cs:299 
  at Substance.Game.NativeCallbacks.InitSubstance (System.Int32 pTextureClamp) [0x0006f] in <8088e596cdc64f389f7f79f32b7b19f0>:0 
  at Substance.Editor.SubstanceMain.Initialize () [0x001fa] in <c02c644420904d8cb7f0dbe27269d0c2>:0 
  at Substance.Editor.SubstanceMain.Get () [0x00037] in <c02c644420904d8cb7f0dbe27269d0c2>:0 
  at Substance.Editor.EntryPoint.PingSingleton () [0x00011] in <c02c644420904d8cb7f0dbe27269d0c2>:0 
  at Substance.Editor.EntryPoint.AfterAssemblyReload () [0x00000] in <c02c644420904d8cb7f0dbe27269d0c2>:0 
  at UnityEditor.AssemblyReloadEvents.OnAfterAssemblyReload () [0x00017] in /home/bokken/build/output/unity/unity/Editor/Mono/AssemblyReloadEvents.cs:34 

(Filename: Assets/Allegorithmic/Plugins/Substance.Platform/NativeFunctions.cs Line: 204)

- Finished resetting the current domain, in  0.732 seconds
Domain Reload Profiling:
	ReloadAssembly (250ms)
		BeginReloadAssembly (167ms)
			ExecutionOrderSort (0ms)
			DisableScriptedObjects (4ms)
			BackupInstance (0ms)
			ReleaseScriptingObjects (0ms)
			CreateAndSetChildDomain (39ms)
		LoadAllAssembliesAndSetupDomain (574ms)
			LoadAssemblies (352ms)
			RebuildTransferFunctionScriptingTraits (0ms)
			SetupTypeCache (312ms)
				TypeCache.Initialize (302ms)
					TypeCache.ScanAssembly (296ms)
				ResolveRequiredComponents (6ms)
		FinalizeReload (0ms)
			ReleaseScriptCaches (0ms)
			RebuildScriptCaches (0ms)
			SetupLoadedEditorAssemblies (431ms)
				LogAssemblyErrors (0ms)
				InitializePlatformSupportModulesInManaged (32ms)
				SetLoadedEditorAssemblies (6ms)
				RefreshPlugins (0ms)
				BeforeProcessingInitializeOnLoad (69ms)
				ProcessInitializeOnLoadAttributes (299ms)
				ProcessInitializeOnLoadMethodAttributes (19ms)
				AfterProcessingInitializeOnLoad (5ms)
				EditorAssembliesLoaded (0ms)
			ExecutionOrderSort2 (0ms)
			AwakeInstancesAfterBackupRestoration (4ms)
Refreshing native plugins compatible for Editor in 8.46 ms, found 4 plugins.
Preloading 0 native plugins for Editor in 0.00 ms.
Unloading 4649 Unused Serialized files (Serialized files now loaded: 0)
Unloading 88 unused Assets / (1.5 MB). Loaded Objects now: 5274.
Memory consumption went from 153.8 MB to 152.3 MB.
Total: 3.812821 ms (FindLiveObjects: 0.328335 ms CreateObjectMapping: 0.297601 ms MarkObjects: 2.741300 ms  DeleteObjects: 0.444689 ms)

Prepare: number of updated asset objects reloaded= 0
AssetImportParameters requested are different than current active one (requested -> active):
  custom:container-demuxer-ogg: 62fdf1f143b41e24485cea50d1cbac27 -> 
  custom:video-decoder-ogg-theora: a1e56fd34408186e4bbccfd4996cb3dc -> 
  custom:container-demuxer-webm: 4f35f7cbe854078d1ac9338744f61a02 -> 
  custom:container-muxer-webm: aa71ff27fc2769a1b78a27578f13a17b -> 
  custom:video-decoder-webm-vp8: 9c59270c3fd7afecdb556c50c9e8de78 -> 
  custom:AudioImporter_EditorPlatform: 2f0ff77a95e0ac474e3e8eeba4e2f7cb -> 
  custom:video-encoder-webm-vp8: eb34c28f22e8b96e1ab97ce403110664 -> 
  custom:audio-decoder-ogg-vorbis: bf7c407c2cedff20999df2af8eb42d56 -> 
  custom:audio-encoder-webm-vorbis: bf7c407c2cedff20999df2af8eb42d56 -> 
========================================================================
Received Import Request.
  Time since last request: 256.597591 seconds.
  path: Assets/Fire.prefab
  artifactKey: Guid(f5bc11a9e8b8dfd48bea84f4f70fc3ce) Importer(815301076,1909f56bfc062723c751e8b465ee728b)
Start importing Assets/Fire.prefab using Guid(f5bc11a9e8b8dfd48bea84f4f70fc3ce) Importer(815301076,1909f56bfc062723c751e8b465ee728b)  -> (artifact id: '02c5dee68aec3ccc7e43b664703935b7') in 0.128576 seconds
Number of updated asset objects reloaded before import = 0
Number of asset objects unloaded after import = 34
========================================================================
Received Prepare
Begin MonoManager ReloadAssembly
DllNotFoundException: libdl assembly:<unknown assembly> type:<unknown type> member:(null)
  at (wrapper managed-to-native) Substance.Platform.NativeFunctions+DLLHelpers.dlopen(string,int)
  at Substance.Platform.NativeFunctions+DLLHelpers.LoadDLL (System.String dataPath) [0x00089] in /home/glenn/Unity/Projects/FMP Second Edition/Assets/Allegorithmic/Plugins/Substance.Platform/NativeFunctions.cs:204 
  at Substance.Platform.NativeFunctions.cppInitSubstance (System.String applicationDataPath, System.Int32 pTextureClampExposant) [0x0000b] in /home/glenn/Unity/Projects/FMP Second Edition/Assets/Allegorithmic/Plugins/Substance.Platform/NativeFunctions.cs:299 
  at Substance.Game.NativeCallbacks.InitSubstance (System.Int32 pTextureClamp) [0x0006f] in <8088e596cdc64f389f7f79f32b7b19f0>:0 
  at Substance.Editor.SubstanceMain.Initialize () [0x001fa] in <c02c644420904d8cb7f0dbe27269d0c2>:0 
  at Substance.Editor.SubstanceMain.Get () [0x00037] in <c02c644420904d8cb7f0dbe27269d0c2>:0 
  at Substance.Editor.EntryPoint.BeforeAssemblyReload () [0x00007] in <c02c644420904d8cb7f0dbe27269d0c2>:0 
  at UnityEditor.AssemblyReloadEvents.OnBeforeAssemblyReload () [0x00017] in /home/bokken/build/output/unity/unity/Editor/Mono/AssemblyReloadEvents.cs:27 

(Filename: Assets/Allegorithmic/Plugins/Substance.Platform/NativeFunctions.cs Line: 204)

Symbol file LoadedFromMemory doesn't match image /home/glenn/Unity/Projects/FMP Second Edition/Library/PackageCache/com.unity.visualscripting@1.8.0/Editor/VisualScripting.Core/Dependencies/YamlDotNet/Unity.VisualScripting.YamlDotNet.dll
Symbol file LoadedFromMemory doesn't match image /home/glenn/Unity/Projects/FMP Second Edition/Library/PackageCache/com.unity.visualscripting@1.8.0/Editor/VisualScripting.Core/Dependencies/DotNetZip/Unity.VisualScripting.IonicZip.dll
- Loaded All Assemblies, in  0.650 seconds
Refreshing native plugins compatible for Editor in 7.51 ms, found 4 plugins.
Native extension for LinuxStandalone target not found
Native extension for WindowsStandalone target not found
Mono: successfully reloaded assembly
Fallback handler could not load library /home/glenn/Unity/Hub/Editor/2022.2.17f1/Editor/Data/MonoBleedingEdge/lib/libdl
Fallback handler could not load library /home/glenn/Unity/Hub/Editor/2022.2.17f1/Editor/Data/MonoBleedingEdge/lib/libdl.so
Fallback handler could not load library /home/glenn/Unity/Hub/Editor/2022.2.17f1/Editor/Data/MonoBleedingEdge/lib/libdl.so
Fallback handler could not load library /home/glenn/Unity/Hub/Editor/2022.2.17f1/Editor/Data/MonoBleedingEdge/lib/libdl
Fallback handler could not load library /home/glenn/Unity/Hub/Editor/2022.2.17f1/Editor/Data/MonoBleedingEdge/lib/libdl
Fallback handler could not load library /home/glenn/Unity/Hub/Editor/2022.2.17f1/Editor/Data/MonoBleedingEdge/lib/libdl.so
Fallback handler could not load library /home/glenn/Unity/Hub/Editor/2022.2.17f1/Editor/Data/MonoBleedingEdge/lib/libdl.so
Fallback handler could not load library /home/glenn/Unity/Hub/Editor/2022.2.17f1/Editor/Data/MonoBleedingEdge/lib/libdl
DllNotFoundException: libdl assembly:<unknown assembly> type:<unknown type> member:(null)
  at (wrapper managed-to-native) Substance.Platform.NativeFunctions+DLLHelpers.dlopen(string,int)
  at Substance.Platform.NativeFunctions+DLLHelpers.LoadDLL (System.String dataPath) [0x00089] in /home/glenn/Unity/Projects/FMP Second Edition/Assets/Allegorithmic/Plugins/Substance.Platform/NativeFunctions.cs:204 
  at Substance.Platform.NativeFunctions.cppInitSubstance (System.String applicationDataPath, System.Int32 pTextureClampExposant) [0x0000b] in /home/glenn/Unity/Projects/FMP Second Edition/Assets/Allegorithmic/Plugins/Substance.Platform/NativeFunctions.cs:299 
  at Substance.Game.NativeCallbacks.InitSubstance (System.Int32 pTextureClamp) [0x0006f] in <8088e596cdc64f389f7f79f32b7b19f0>:0 
  at Substance.Editor.SubstanceMain.Initialize () [0x001fa] in <c02c644420904d8cb7f0dbe27269d0c2>:0 
  at Substance.Editor.SubstanceMain.Get () [0x00037] in <c02c644420904d8cb7f0dbe27269d0c2>:0 
  at Substance.Editor.EntryPoint.PingSingleton () [0x00011] in <c02c644420904d8cb7f0dbe27269d0c2>:0 
  at Substance.Editor.EntryPoint.AfterAssemblyReload () [0x00000] in <c02c644420904d8cb7f0dbe27269d0c2>:0 
  at UnityEditor.AssemblyReloadEvents.OnAfterAssemblyReload () [0x00017] in /home/bokken/build/output/unity/unity/Editor/Mono/AssemblyReloadEvents.cs:34 

(Filename: Assets/Allegorithmic/Plugins/Substance.Platform/NativeFunctions.cs Line: 204)

- Finished resetting the current domain, in  0.656 seconds
Domain Reload Profiling:
	ReloadAssembly (193ms)
		BeginReloadAssembly (121ms)
			ExecutionOrderSort (0ms)
			DisableScriptedObjects (4ms)
			BackupInstance (0ms)
			ReleaseScriptingObjects (0ms)
			CreateAndSetChildDomain (43ms)
		LoadAllAssembliesAndSetupDomain (455ms)
			LoadAssemblies (221ms)
			RebuildTransferFunctionScriptingTraits (0ms)
			SetupTypeCache (275ms)
				TypeCache.Initialize (269ms)
					TypeCache.ScanAssembly (264ms)
				ResolveRequiredComponents (6ms)
		FinalizeReload (0ms)
			ReleaseScriptCaches (0ms)
			RebuildScriptCaches (0ms)
			SetupLoadedEditorAssemblies (378ms)
				LogAssemblyErrors (0ms)
				InitializePlatformSupportModulesInManaged (30ms)
				SetLoadedEditorAssemblies (4ms)
				RefreshPlugins (0ms)
				BeforeProcessingInitializeOnLoad (52ms)
				ProcessInitializeOnLoadAttributes (268ms)
				ProcessInitializeOnLoadMethodAttributes (19ms)
				AfterProcessingInitializeOnLoad (5ms)
				EditorAssembliesLoaded (0ms)
			ExecutionOrderSort2 (0ms)
			AwakeInstancesAfterBackupRestoration (3ms)
Refreshing native plugins compatible for Editor in 12.51 ms, found 4 plugins.
Preloading 0 native plugins for Editor in 0.00 ms.
Unloading 4649 Unused Serialized files (Serialized files now loaded: 0)
Unloading 87 unused Assets / (1.5 MB). Loaded Objects now: 5289.
Memory consumption went from 154.0 MB to 152.5 MB.
Total: 6.295026 ms (FindLiveObjects: 0.398917 ms CreateObjectMapping: 0.442686 ms MarkObjects: 4.986127 ms  DeleteObjects: 0.465343 ms)

Prepare: number of updated asset objects reloaded= 0
AssetImportParameters requested are different than current active one (requested -> active):
  custom:container-demuxer-ogg: 62fdf1f143b41e24485cea50d1cbac27 -> 
  custom:video-decoder-ogg-theora: a1e56fd34408186e4bbccfd4996cb3dc -> 
  custom:container-demuxer-webm: 4f35f7cbe854078d1ac9338744f61a02 -> 
  custom:container-muxer-webm: aa71ff27fc2769a1b78a27578f13a17b -> 
  custom:video-decoder-webm-vp8: 9c59270c3fd7afecdb556c50c9e8de78 -> 
  custom:AudioImporter_EditorPlatform: 2f0ff77a95e0ac474e3e8eeba4e2f7cb -> 
  custom:video-encoder-webm-vp8: eb34c28f22e8b96e1ab97ce403110664 -> 
  custom:audio-decoder-ogg-vorbis: bf7c407c2cedff20999df2af8eb42d56 -> 
  custom:audio-encoder-webm-vorbis: bf7c407c2cedff20999df2af8eb42d56 -> 
========================================================================
Received Prepare
Begin MonoManager ReloadAssembly
DllNotFoundException: libdl assembly:<unknown assembly> type:<unknown type> member:(null)
  at (wrapper managed-to-native) Substance.Platform.NativeFunctions+DLLHelpers.dlopen(string,int)
  at Substance.Platform.NativeFunctions+DLLHelpers.LoadDLL (System.String dataPath) [0x00089] in /home/glenn/Unity/Projects/FMP Second Edition/Assets/Allegorithmic/Plugins/Substance.Platform/NativeFunctions.cs:204 
  at Substance.Platform.NativeFunctions.cppInitSubstance (System.String applicationDataPath, System.Int32 pTextureClampExposant) [0x0000b] in /home/glenn/Unity/Projects/FMP Second Edition/Assets/Allegorithmic/Plugins/Substance.Platform/NativeFunctions.cs:299 
  at Substance.Game.NativeCallbacks.InitSubstance (System.Int32 pTextureClamp) [0x0006f] in <8088e596cdc64f389f7f79f32b7b19f0>:0 
  at Substance.Editor.SubstanceMain.Initialize () [0x001fa] in <c02c644420904d8cb7f0dbe27269d0c2>:0 
  at Substance.Editor.SubstanceMain.Get () [0x00037] in <c02c644420904d8cb7f0dbe27269d0c2>:0 
  at Substance.Editor.EntryPoint.BeforeAssemblyReload () [0x00007] in <c02c644420904d8cb7f0dbe27269d0c2>:0 
  at UnityEditor.AssemblyReloadEvents.OnBeforeAssemblyReload () [0x00017] in /home/bokken/build/output/unity/unity/Editor/Mono/AssemblyReloadEvents.cs:27 

(Filename: Assets/Allegorithmic/Plugins/Substance.Platform/NativeFunctions.cs Line: 204)

Symbol file LoadedFromMemory doesn't match image /home/glenn/Unity/Projects/FMP Second Edition/Library/PackageCache/com.unity.visualscripting@1.8.0/Editor/VisualScripting.Core/Dependencies/YamlDotNet/Unity.VisualScripting.YamlDotNet.dll
Symbol file LoadedFromMemory doesn't match image /home/glenn/Unity/Projects/FMP Second Edition/Library/PackageCache/com.unity.visualscripting@1.8.0/Editor/VisualScripting.Core/Dependencies/DotNetZip/Unity.VisualScripting.IonicZip.dll
- Loaded All Assemblies, in  0.663 seconds
Refreshing native plugins compatible for Editor in 7.58 ms, found 4 plugins.
Native extension for LinuxStandalone target not found
Native extension for WindowsStandalone target not found
Mono: successfully reloaded assembly
Fallback handler could not load library /home/glenn/Unity/Hub/Editor/2022.2.17f1/Editor/Data/MonoBleedingEdge/lib/libdl
Fallback handler could not load library /home/glenn/Unity/Hub/Editor/2022.2.17f1/Editor/Data/MonoBleedingEdge/lib/libdl.so
Fallback handler could not load library /home/glenn/Unity/Hub/Editor/2022.2.17f1/Editor/Data/MonoBleedingEdge/lib/libdl.so
Fallback handler could not load library /home/glenn/Unity/Hub/Editor/2022.2.17f1/Editor/Data/MonoBleedingEdge/lib/libdl
Fallback handler could not load library /home/glenn/Unity/Hub/Editor/2022.2.17f1/Editor/Data/MonoBleedingEdge/lib/libdl
Fallback handler could not load library /home/glenn/Unity/Hub/Editor/2022.2.17f1/Editor/Data/MonoBleedingEdge/lib/libdl.so
Fallback handler could not load library /home/glenn/Unity/Hub/Editor/2022.2.17f1/Editor/Data/MonoBleedingEdge/lib/libdl.so
Fallback handler could not load library /home/glenn/Unity/Hub/Editor/2022.2.17f1/Editor/Data/MonoBleedingEdge/lib/libdl
DllNotFoundException: libdl assembly:<unknown assembly> type:<unknown type> member:(null)
  at (wrapper managed-to-native) Substance.Platform.NativeFunctions+DLLHelpers.dlopen(string,int)
  at Substance.Platform.NativeFunctions+DLLHelpers.LoadDLL (System.String dataPath) [0x00089] in /home/glenn/Unity/Projects/FMP Second Edition/Assets/Allegorithmic/Plugins/Substance.Platform/NativeFunctions.cs:204 
  at Substance.Platform.NativeFunctions.cppInitSubstance (System.String applicationDataPath, System.Int32 pTextureClampExposant) [0x0000b] in /home/glenn/Unity/Projects/FMP Second Edition/Assets/Allegorithmic/Plugins/Substance.Platform/NativeFunctions.cs:299 
  at Substance.Game.NativeCallbacks.InitSubstance (System.Int32 pTextureClamp) [0x0006f] in <8088e596cdc64f389f7f79f32b7b19f0>:0 
  at Substance.Editor.SubstanceMain.Initialize () [0x001fa] in <c02c644420904d8cb7f0dbe27269d0c2>:0 
  at Substance.Editor.SubstanceMain.Get () [0x00037] in <c02c644420904d8cb7f0dbe27269d0c2>:0 
  at Substance.Editor.EntryPoint.PingSingleton () [0x00011] in <c02c644420904d8cb7f0dbe27269d0c2>:0 
  at Substance.Editor.EntryPoint.AfterAssemblyReload () [0x00000] in <c02c644420904d8cb7f0dbe27269d0c2>:0 
  at UnityEditor.AssemblyReloadEvents.OnAfterAssemblyReload () [0x00017] in /home/bokken/build/output/unity/unity/Editor/Mono/AssemblyReloadEvents.cs:34 

(Filename: Assets/Allegorithmic/Plugins/Substance.Platform/NativeFunctions.cs Line: 204)

- Finished resetting the current domain, in  0.796 seconds
Domain Reload Profiling:
	ReloadAssembly (200ms)
		BeginReloadAssembly (129ms)
			ExecutionOrderSort (0ms)
			DisableScriptedObjects (4ms)
			BackupInstance (0ms)
			ReleaseScriptingObjects (0ms)
			CreateAndSetChildDomain (38ms)
		LoadAllAssembliesAndSetupDomain (461ms)
			LoadAssemblies (235ms)
			RebuildTransferFunctionScriptingTraits (0ms)
			SetupTypeCache (276ms)
				TypeCache.Initialize (270ms)
					TypeCache.ScanAssembly (265ms)
				ResolveRequiredComponents (6ms)
		FinalizeReload (0ms)
			ReleaseScriptCaches (0ms)
			RebuildScriptCaches (0ms)
			SetupLoadedEditorAssemblies (494ms)
				LogAssemblyErrors (0ms)
				InitializePlatformSupportModulesInManaged (33ms)
				SetLoadedEditorAssemblies (5ms)
				RefreshPlugins (0ms)
				BeforeProcessingInitializeOnLoad (68ms)
				ProcessInitializeOnLoadAttributes (344ms)
				ProcessInitializeOnLoadMethodAttributes (34ms)
				AfterProcessingInitializeOnLoad (9ms)
				EditorAssembliesLoaded (0ms)
			ExecutionOrderSort2 (0ms)
			AwakeInstancesAfterBackupRestoration (6ms)
Refreshing native plugins compatible for Editor in 7.76 ms, found 4 plugins.
Preloading 0 native plugins for Editor in 0.00 ms.
Unloading 4650 Unused Serialized files (Serialized files now loaded: 0)
Unloading 87 unused Assets / (1.5 MB). Loaded Objects now: 5304.
Memory consumption went from 154.3 MB to 152.7 MB.
Total: 4.765694 ms (FindLiveObjects: 0.350732 ms CreateObjectMapping: 0.330633 ms MarkObjects: 3.721773 ms  DeleteObjects: 0.361036 ms)

Prepare: number of updated asset objects reloaded= 0
AssetImportParameters requested are different than current active one (requested -> active):
  custom:container-demuxer-ogg: 62fdf1f143b41e24485cea50d1cbac27 -> 
  custom:video-decoder-ogg-theora: a1e56fd34408186e4bbccfd4996cb3dc -> 
  custom:container-demuxer-webm: 4f35f7cbe854078d1ac9338744f61a02 -> 
  custom:container-muxer-webm: aa71ff27fc2769a1b78a27578f13a17b -> 
  custom:video-decoder-webm-vp8: 9c59270c3fd7afecdb556c50c9e8de78 -> 
  custom:AudioImporter_EditorPlatform: 2f0ff77a95e0ac474e3e8eeba4e2f7cb -> 
  custom:video-encoder-webm-vp8: eb34c28f22e8b96e1ab97ce403110664 -> 
  custom:audio-decoder-ogg-vorbis: bf7c407c2cedff20999df2af8eb42d56 -> 
  custom:audio-encoder-webm-vorbis: bf7c407c2cedff20999df2af8eb42d56 -> 
========================================================================
Received Prepare
Begin MonoManager ReloadAssembly
DllNotFoundException: libdl assembly:<unknown assembly> type:<unknown type> member:(null)
  at (wrapper managed-to-native) Substance.Platform.NativeFunctions+DLLHelpers.dlopen(string,int)
  at Substance.Platform.NativeFunctions+DLLHelpers.LoadDLL (System.String dataPath) [0x00089] in /home/glenn/Unity/Projects/FMP Second Edition/Assets/Allegorithmic/Plugins/Substance.Platform/NativeFunctions.cs:204 
  at Substance.Platform.NativeFunctions.cppInitSubstance (System.String applicationDataPath, System.Int32 pTextureClampExposant) [0x0000b] in /home/glenn/Unity/Projects/FMP Second Edition/Assets/Allegorithmic/Plugins/Substance.Platform/NativeFunctions.cs:299 
  at Substance.Game.NativeCallbacks.InitSubstance (System.Int32 pTextureClamp) [0x0006f] in <8088e596cdc64f389f7f79f32b7b19f0>:0 
  at Substance.Editor.SubstanceMain.Initialize () [0x001fa] in <c02c644420904d8cb7f0dbe27269d0c2>:0 
  at Substance.Editor.SubstanceMain.Get () [0x00037] in <c02c644420904d8cb7f0dbe27269d0c2>:0 
  at Substance.Editor.EntryPoint.BeforeAssemblyReload () [0x00007] in <c02c644420904d8cb7f0dbe27269d0c2>:0 
  at UnityEditor.AssemblyReloadEvents.OnBeforeAssemblyReload () [0x00017] in /home/bokken/build/output/unity/unity/Editor/Mono/AssemblyReloadEvents.cs:27 

(Filename: Assets/Allegorithmic/Plugins/Substance.Platform/NativeFunctions.cs Line: 204)

Symbol file LoadedFromMemory doesn't match image /home/glenn/Unity/Projects/FMP Second Edition/Library/PackageCache/com.unity.visualscripting@1.8.0/Editor/VisualScripting.Core/Dependencies/YamlDotNet/Unity.VisualScripting.YamlDotNet.dll
Symbol file LoadedFromMemory doesn't match image /home/glenn/Unity/Projects/FMP Second Edition/Library/PackageCache/com.unity.visualscripting@1.8.0/Editor/VisualScripting.Core/Dependencies/DotNetZip/Unity.VisualScripting.IonicZip.dll
- Loaded All Assemblies, in  0.646 seconds
Refreshing native plugins compatible for Editor in 7.55 ms, found 4 plugins.
Native extension for LinuxStandalone target not found
Native extension for WindowsStandalone target not found
Mono: successfully reloaded assembly
Fallback handler could not load library /home/glenn/Unity/Hub/Editor/2022.2.17f1/Editor/Data/MonoBleedingEdge/lib/libdl
Fallback handler could not load library /home/glenn/Unity/Hub/Editor/2022.2.17f1/Editor/Data/MonoBleedingEdge/lib/libdl.so
Fallback handler could not load library /home/glenn/Unity/Hub/Editor/2022.2.17f1/Editor/Data/MonoBleedingEdge/lib/libdl.so
Fallback handler could not load library /home/glenn/Unity/Hub/Editor/2022.2.17f1/Editor/Data/MonoBleedingEdge/lib/libdl
Fallback handler could not load library /home/glenn/Unity/Hub/Editor/2022.2.17f1/Editor/Data/MonoBleedingEdge/lib/libdl
Fallback handler could not load library /home/glenn/Unity/Hub/Editor/2022.2.17f1/Editor/Data/MonoBleedingEdge/lib/libdl.so
Fallback handler could not load library /home/glenn/Unity/Hub/Editor/2022.2.17f1/Editor/Data/MonoBleedingEdge/lib/libdl.so
Fallback handler could not load library /home/glenn/Unity/Hub/Editor/2022.2.17f1/Editor/Data/MonoBleedingEdge/lib/libdl
DllNotFoundException: libdl assembly:<unknown assembly> type:<unknown type> member:(null)
  at (wrapper managed-to-native) Substance.Platform.NativeFunctions+DLLHelpers.dlopen(string,int)
  at Substance.Platform.NativeFunctions+DLLHelpers.LoadDLL (System.String dataPath) [0x00089] in /home/glenn/Unity/Projects/FMP Second Edition/Assets/Allegorithmic/Plugins/Substance.Platform/NativeFunctions.cs:204 
  at Substance.Platform.NativeFunctions.cppInitSubstance (System.String applicationDataPath, System.Int32 pTextureClampExposant) [0x0000b] in /home/glenn/Unity/Projects/FMP Second Edition/Assets/Allegorithmic/Plugins/Substance.Platform/NativeFunctions.cs:299 
  at Substance.Game.NativeCallbacks.InitSubstance (System.Int32 pTextureClamp) [0x0006f] in <8088e596cdc64f389f7f79f32b7b19f0>:0 
  at Substance.Editor.SubstanceMain.Initialize () [0x001fa] in <c02c644420904d8cb7f0dbe27269d0c2>:0 
  at Substance.Editor.SubstanceMain.Get () [0x00037] in <c02c644420904d8cb7f0dbe27269d0c2>:0 
  at Substance.Editor.EntryPoint.PingSingleton () [0x00011] in <c02c644420904d8cb7f0dbe27269d0c2>:0 
  at Substance.Editor.EntryPoint.AfterAssemblyReload () [0x00000] in <c02c644420904d8cb7f0dbe27269d0c2>:0 
  at UnityEditor.AssemblyReloadEvents.OnAfterAssemblyReload () [0x00017] in /home/bokken/build/output/unity/unity/Editor/Mono/AssemblyReloadEvents.cs:34 

(Filename: Assets/Allegorithmic/Plugins/Substance.Platform/NativeFunctions.cs Line: 204)

- Finished resetting the current domain, in  0.743 seconds
Domain Reload Profiling:
	ReloadAssembly (189ms)
		BeginReloadAssembly (118ms)
			ExecutionOrderSort (0ms)
			DisableScriptedObjects (4ms)
			BackupInstance (0ms)
			ReleaseScriptingObjects (0ms)
			CreateAndSetChildDomain (39ms)
		LoadAllAssembliesAndSetupDomain (454ms)
			LoadAssemblies (221ms)
			RebuildTransferFunctionScriptingTraits (0ms)
			SetupTypeCache (275ms)
				TypeCache.Initialize (269ms)
					TypeCache.ScanAssembly (264ms)
				ResolveRequiredComponents (6ms)
		FinalizeReload (0ms)
			ReleaseScriptCaches (0ms)
			RebuildScriptCaches (0ms)
			SetupLoadedEditorAssemblies (447ms)
				LogAssemblyErrors (0ms)
				InitializePlatformSupportModulesInManaged (32ms)
				SetLoadedEditorAssemblies (5ms)
				RefreshPlugins (0ms)
				BeforeProcessingInitializeOnLoad (70ms)
				ProcessInitializeOnLoadAttributes (300ms)
				ProcessInitializeOnLoadMethodAttributes (31ms)
				AfterProcessingInitializeOnLoad (9ms)
				EditorAssembliesLoaded (0ms)
			ExecutionOrderSort2 (0ms)
			AwakeInstancesAfterBackupRestoration (5ms)
Refreshing native plugins compatible for Editor in 13.37 ms, found 4 plugins.
Preloading 0 native plugins for Editor in 0.00 ms.
Unloading 4650 Unused Serialized files (Serialized files now loaded: 0)
Unloading 87 unused Assets / (1.5 MB). Loaded Objects now: 5319.
Memory consumption went from 154.3 MB to 152.8 MB.
Total: 6.612752 ms (FindLiveObjects: 0.409785 ms CreateObjectMapping: 0.512527 ms MarkObjects: 5.221261 ms  DeleteObjects: 0.466737 ms)

Prepare: number of updated asset objects reloaded= 0
AssetImportParameters requested are different than current active one (requested -> active):
  custom:container-demuxer-ogg: 62fdf1f143b41e24485cea50d1cbac27 -> 
  custom:video-decoder-ogg-theora: a1e56fd34408186e4bbccfd4996cb3dc -> 
  custom:container-demuxer-webm: 4f35f7cbe854078d1ac9338744f61a02 -> 
  custom:container-muxer-webm: aa71ff27fc2769a1b78a27578f13a17b -> 
  custom:video-decoder-webm-vp8: 9c59270c3fd7afecdb556c50c9e8de78 -> 
  custom:AudioImporter_EditorPlatform: 2f0ff77a95e0ac474e3e8eeba4e2f7cb -> 
  custom:video-encoder-webm-vp8: eb34c28f22e8b96e1ab97ce403110664 -> 
  custom:audio-decoder-ogg-vorbis: bf7c407c2cedff20999df2af8eb42d56 -> 
  custom:audio-encoder-webm-vorbis: bf7c407c2cedff20999df2af8eb42d56 -> 
